[debug] [2025-12-11T13:54:59.513Z] ----------------------------------------------------------------------
[debug] [2025-12-11T13:54:59.517Z] Command:       C:\Program Files\nodejs\node.exe C:\Users\bertr\AppData\Roaming\npm\node_modules\firebase-tools\lib\bin\firebase.js init
[debug] [2025-12-11T13:54:59.517Z] CLI Version:   15.0.0
[debug] [2025-12-11T13:54:59.517Z] Platform:      win32
[debug] [2025-12-11T13:54:59.517Z] Node Version:  v24.11.1
[debug] [2025-12-11T13:54:59.518Z] Time:          Thu Dec 11 2025 14:54:59 GMT+0100 (heure normale d’Europe centrale)
[debug] [2025-12-11T13:54:59.518Z] ----------------------------------------------------------------------
[debug] 
[debug] [2025-12-11T13:54:59.521Z] >>> [apiv2][query] GET https://firebase-public.firebaseio.com/cli.json [none]
[info] 
     ######## #### ########  ######## ########     ###     ######  ########
     ##        ##  ##     ## ##       ##     ##  ##   ##  ##       ##
     ######    ##  ########  ######   ########  #########  ######  ######
     ##        ##  ##    ##  ##       ##     ## ##     ##       ## ##
     ##       #### ##     ## ######## ########  ##     ##  ######  ########

You're about to initialize a Firebase project in this directory:

  C:\Users\bertr\workspace_firebase\ia4m

[debug] [2025-12-11T13:55:02.276Z] <<< [apiv2][status] GET https://firebase-public.firebaseio.com/cli.json 200
[debug] [2025-12-11T13:55:02.276Z] <<< [apiv2][body] GET https://firebase-public.firebaseio.com/cli.json {"cloudBuildErrorAfter":1594252800000,"cloudBuildWarnAfter":1590019200000,"defaultNode10After":1594252800000,"minVersion":"3.0.5","node8DeploysDisabledAfter":1613390400000,"node8RuntimeDisabledAfter":1615809600000,"node8WarnAfter":1600128000000}
[debug] [2025-12-11T14:49:37.383Z] ExitPromptError: User force closed the prompt with SIGINT
    at Interface.sigint (C:\Users\bertr\AppData\Roaming\npm\node_modules\firebase-tools\node_modules\@inquirer\core\dist\commonjs\lib\create-prompt.js:101:37)
    at Interface.emit (node:events:508:28)
    at [_ttyWrite] [as _ttyWrite] (node:internal/readline/interface:1317:18)
    at ReadStream.onkeypress (node:internal/readline/interface:284:20)
    at ReadStream.emit (node:events:520:35)
    at emitKeys (node:internal/readline/utils:371:14)
    at emitKeys.next (<anonymous>)
    at ReadStream.onData (node:internal/readline/emitKeypressEvents:64:36)
    at ReadStream.emit (node:events:508:28)
    at addChunk (node:internal/streams/readable:559:12)
[error] 
[error] Error: An unexpected error has occurred.
[debug] [2025-12-11T14:49:45.243Z] ----------------------------------------------------------------------
[debug] [2025-12-11T14:49:45.247Z] Command:       C:\Program Files\nodejs\node.exe C:\Users\bertr\AppData\Roaming\npm\node_modules\firebase-tools\lib\bin\firebase.js init
[debug] [2025-12-11T14:49:45.248Z] CLI Version:   15.0.0
[debug] [2025-12-11T14:49:45.248Z] Platform:      win32
[debug] [2025-12-11T14:49:45.248Z] Node Version:  v24.11.1
[debug] [2025-12-11T14:49:45.248Z] Time:          Thu Dec 11 2025 15:49:45 GMT+0100 (heure normale d’Europe centrale)
[debug] [2025-12-11T14:49:45.249Z] ----------------------------------------------------------------------
[debug] 
[info] 
     ######## #### ########  ######## ########     ###     ######  ########
     ##        ##  ##     ## ##       ##     ##  ##   ##  ##       ##
     ######    ##  ########  ######   ########  #########  ######  ######
     ##        ##  ##    ##  ##       ##     ## ##     ##       ## ##
     ##       #### ##     ## ######## ########  ##     ##  ######  ########

You're about to initialize a Firebase project in this directory:

  C:\Users\bertr\workspace_firebase\ia4m

[info] 
=== Project Setup
[info] 
[info] First, let's associate this project directory with a Firebase project.
[info] You can create multiple project aliases by running firebase use --add, 
[info] 
[info] i  If you want to create a project in a Google Cloud organization or folder, please use "firebase projects:create" instead, and return to this command when you've created the project. 
[debug] [2025-12-11T14:50:41.401Z] > command requires scopes: ["email","openid","https://www.googleapis.com/auth/cloudplatformprojects.readonly","https://www.googleapis.com/auth/firebase","https://www.googleapis.com/auth/cloud-platform"]
[debug] [2025-12-11T14:50:41.402Z] > authorizing via signed-in user (bertrand.guiral@gmail.com)
[debug] [2025-12-11T14:50:56.232Z] ExitPromptError: User force closed the prompt with SIGINT
    at Interface.sigint (C:\Users\bertr\AppData\Roaming\npm\node_modules\firebase-tools\node_modules\@inquirer\core\dist\commonjs\lib\create-prompt.js:101:37)
    at Interface.emit (node:events:508:28)
    at [_ttyWrite] [as _ttyWrite] (node:internal/readline/interface:1317:18)
    at ReadStream.onkeypress (node:internal/readline/interface:284:20)
    at ReadStream.emit (node:events:520:35)
    at emitKeys (node:internal/readline/utils:371:14)
    at emitKeys.next (<anonymous>)
    at ReadStream.onData (node:internal/readline/emitKeypressEvents:64:36)
    at ReadStream.emit (node:events:508:28)
    at addChunk (node:internal/streams/readable:559:12)
[error] 
[error] Error: An unexpected error has occurred.
[debug] [2025-12-11T14:51:20.490Z] ----------------------------------------------------------------------
[debug] [2025-12-11T14:51:20.495Z] Command:       C:\Program Files\nodejs\node.exe C:\Users\bertr\AppData\Roaming\npm\node_modules\firebase-tools\lib\bin\firebase.js projects:create
[debug] [2025-12-11T14:51:20.496Z] CLI Version:   15.0.0
[debug] [2025-12-11T14:51:20.496Z] Platform:      win32
[debug] [2025-12-11T14:51:20.496Z] Node Version:  v24.11.1
[debug] [2025-12-11T14:51:20.496Z] Time:          Thu Dec 11 2025 15:51:20 GMT+0100 (heure normale d’Europe centrale)
[debug] [2025-12-11T14:51:20.496Z] ----------------------------------------------------------------------
[debug] 
[debug] [2025-12-11T14:51:20.506Z] > command requires scopes: ["email","openid","https://www.googleapis.com/auth/cloudplatformprojects.readonly","https://www.googleapis.com/auth/firebase","https://www.googleapis.com/auth/cloud-platform"]
[debug] [2025-12-11T14:51:20.506Z] > authorizing via signed-in user (bertrand.guiral@gmail.com)
[debug] [2025-12-11T14:52:07.542Z] Checked if tokens are valid: false, expires at: 1765305372443
[debug] [2025-12-11T14:52:07.543Z] Checked if tokens are valid: false, expires at: 1765305372443
[debug] [2025-12-11T14:52:07.543Z] > refreshing access token with scopes: []
[debug] [2025-12-11T14:52:07.546Z] >>> [apiv2][query] POST https://www.googleapis.com/oauth2/v3/token [none]
[debug] [2025-12-11T14:52:07.546Z] >>> [apiv2][body] POST https://www.googleapis.com/oauth2/v3/token [omitted]
[debug] [2025-12-11T14:52:07.698Z] <<< [apiv2][status] POST https://www.googleapis.com/oauth2/v3/token 200
[debug] [2025-12-11T14:52:07.698Z] <<< [apiv2][body] POST https://www.googleapis.com/oauth2/v3/token [omitted]
[debug] [2025-12-11T14:52:07.759Z] >>> [apiv2][query] POST https://firebase.googleapis.com/v1/projects:checkProjectId [none]
[debug] [2025-12-11T14:52:07.759Z] >>> [apiv2][body] POST https://firebase.googleapis.com/v1/projects:checkProjectId {"proposedId":"ia4messages"}
[debug] [2025-12-11T14:52:08.081Z] <<< [apiv2][status] POST https://firebase.googleapis.com/v1/projects:checkProjectId 200
[debug] [2025-12-11T14:52:08.081Z] <<< [apiv2][body] POST https://firebase.googleapis.com/v1/projects:checkProjectId {"projectIdStatus":"PROJECT_ID_AVAILABLE","suggestedProjectId":"ia4messages"}
[debug] [2025-12-11T14:52:15.824Z] Checked if tokens are valid: true, expires at: 1765468326698
[debug] [2025-12-11T14:52:15.824Z] Checked if tokens are valid: true, expires at: 1765468326698
[debug] [2025-12-11T14:52:15.824Z] >>> [apiv2][query] POST https://cloudresourcemanager.googleapis.com/v1/projects [none]
[debug] [2025-12-11T14:52:15.824Z] >>> [apiv2][body] POST https://cloudresourcemanager.googleapis.com/v1/projects {"projectId":"ia4messages","name":"ia4m"}
[debug] [2025-12-11T14:52:16.590Z] <<< [apiv2][status] POST https://cloudresourcemanager.googleapis.com/v1/projects 200
[debug] [2025-12-11T14:52:16.590Z] <<< [apiv2][body] POST https://cloudresourcemanager.googleapis.com/v1/projects {"name":"operations/create_project.global.8232790970947112404"}
[debug] [2025-12-11T14:52:16.592Z] Checked if tokens are valid: true, expires at: 1765468326698
[debug] [2025-12-11T14:52:16.592Z] Checked if tokens are valid: true, expires at: 1765468326698
[debug] [2025-12-11T14:52:16.593Z] >>> [apiv2][query] GET https://cloudresourcemanager.googleapis.com/v1/operations/create_project.global.8232790970947112404 [none]
[debug] [2025-12-11T14:52:17.192Z] <<< [apiv2][status] GET https://cloudresourcemanager.googleapis.com/v1/operations/create_project.global.8232790970947112404 200
[debug] [2025-12-11T14:52:17.193Z] <<< [apiv2][body] GET https://cloudresourcemanager.googleapis.com/v1/operations/create_project.global.8232790970947112404 {"name":"operations/create_project.global.8232790970947112404"}
[debug] [2025-12-11T14:52:17.704Z] [Project Creation Poller] Retrying task index 0
[debug] [2025-12-11T14:52:17.704Z] Checked if tokens are valid: true, expires at: 1765468326698
[debug] [2025-12-11T14:52:17.704Z] Checked if tokens are valid: true, expires at: 1765468326698
[debug] [2025-12-11T14:52:17.705Z] >>> [apiv2][query] GET https://cloudresourcemanager.googleapis.com/v1/operations/create_project.global.8232790970947112404 [none]
[debug] [2025-12-11T14:52:17.859Z] <<< [apiv2][status] GET https://cloudresourcemanager.googleapis.com/v1/operations/create_project.global.8232790970947112404 200
[debug] [2025-12-11T14:52:17.859Z] <<< [apiv2][body] GET https://cloudresourcemanager.googleapis.com/v1/operations/create_project.global.8232790970947112404 {"name":"operations/create_project.global.8232790970947112404"}
[debug] [2025-12-11T14:52:18.872Z] [Project Creation Poller] Retrying task index 0
[debug] [2025-12-11T14:52:18.873Z] Checked if tokens are valid: true, expires at: 1765468326698
[debug] [2025-12-11T14:52:18.873Z] Checked if tokens are valid: true, expires at: 1765468326698
[debug] [2025-12-11T14:52:18.873Z] >>> [apiv2][query] GET https://cloudresourcemanager.googleapis.com/v1/operations/create_project.global.8232790970947112404 [none]
[debug] [2025-12-11T14:52:19.052Z] <<< [apiv2][status] GET https://cloudresourcemanager.googleapis.com/v1/operations/create_project.global.8232790970947112404 200
[debug] [2025-12-11T14:52:19.053Z] <<< [apiv2][body] GET https://cloudresourcemanager.googleapis.com/v1/operations/create_project.global.8232790970947112404 {"name":"operations/create_project.global.8232790970947112404","metadata":{"@type":"type.googleapis.com/google.cloudresourcemanager.v1.ProjectCreationStatus","gettable":true,"ready":true},"done":true,"response":{"@type":"type.googleapis.com/google.cloudresourcemanager.v1.Project","projectNumber":"1024815003764","projectId":"ia4messages","lifecycleState":"ACTIVE","name":"ia4m","createTime":"2025-12-11T14:52:16.834068Z"}}
[debug] [2025-12-11T14:52:19.059Z] Checked if tokens are valid: true, expires at: 1765468326698
[debug] [2025-12-11T14:52:19.059Z] Checked if tokens are valid: true, expires at: 1765468326698
[debug] [2025-12-11T14:52:19.060Z] >>> [apiv2][query] POST https://firebase.googleapis.com/v1beta1/projects/ia4messages:addFirebase [none]
[debug] [2025-12-11T14:52:19.476Z] <<< [apiv2][status] POST https://firebase.googleapis.com/v1beta1/projects/ia4messages:addFirebase 429
[debug] [2025-12-11T14:52:19.476Z] <<< [apiv2][body] POST https://firebase.googleapis.com/v1beta1/projects/ia4messages:addFirebase {"error":{"code":429,"message":"Quota exceeded for quota metric 'Provision requests' and limit 'Provision requests per minute' of service 'firebase.googleapis.com' for consumer 'project_number:563584335869'.","status":"RESOURCE_EXHAUSTED","details":[{"@type":"type.googleapis.com/google.rpc.ErrorInfo","reason":"RATE_LIMIT_EXCEEDED","domain":"googleapis.com","metadata":{"quota_limit_value":"60","quota_unit":"1/min/{project}","quota_location":"global","quota_metric":"firebase.googleapis.com/provision_requests","quota_limit":"ProvisionPerMinutePerProject","service":"firebase.googleapis.com","consumer":"projects/563584335869"}},{"@type":"type.googleapis.com/google.rpc.Help","links":[{"description":"Request a higher quota limit.","url":"https://cloud.google.com/docs/quotas/help/request_increase"}]}]}}
[debug] [2025-12-11T14:52:19.478Z] Request to https://firebase.googleapis.com/v1beta1/projects/ia4messages:addFirebase had HTTP Error: 429, Quota exceeded for quota metric 'Provision requests' and limit 'Provision requests per minute' of service 'firebase.googleapis.com' for consumer 'project_number:563584335869'.
[debug] [2025-12-11T14:52:19.565Z] FirebaseError: Request to https://firebase.googleapis.com/v1beta1/projects/ia4messages:addFirebase had HTTP Error: 429, Quota exceeded for quota metric 'Provision requests' and limit 'Provision requests per minute' of service 'firebase.googleapis.com' for consumer 'project_number:563584335869'.
    at responseToError (C:\Users\bertr\AppData\Roaming\npm\node_modules\firebase-tools\lib\responseToError.js:53:12)
    at RetryOperation._fn (C:\Users\bertr\AppData\Roaming\npm\node_modules\firebase-tools\lib\apiv2.js:322:77)
    at process.processTicksAndRejections (node:internal/process/task_queues:103:5)
[error] 
[error] Error: Failed to add Firebase to Google Cloud Platform project. See firebase-debug.log for more info.
